<?xml version="1.0" encoding="UTF-8"?>
<!-- Generated by org.testng.reporters.JUnitXMLReporter -->
<testsuite hostname="Sipl-70" ignored="2" tests="0" failures="0" timestamp="22 Mar 2019 11:55:57 GMT" time="0.0" errors="0">
  <testcase name="handelingExceptions" time="0.0" classname="com.AutomationConceptsPractice.ExceptionHandeling">
    <ignored/>
  </testcase> <!-- handelingExceptions -->
  <testcase name="AgeValidator" time="0.0" classname="com.AutomationConceptsPractice.ExceptionHandeling">
    <ignored/>
  </testcase> <!-- AgeValidator -->
</testsuite>
