<?xml version="1.0" encoding="UTF-8"?>
<!-- Generated by org.testng.reporters.JUnitXMLReporter -->
<testsuite hostname="Sipl-70" ignored="0" name="seleniumWaits" tests="4" failures="0" timestamp="22 Mar 2019 11:55:57 GMT" time="93.694" errors="0">
  <testcase name="seleniumWaits" time="8.633" classname="com.AutomationConceptsPractice.SeleniumConcepts"/>
  <testcase name="aletInSelenium" time="20.203" classname="com.AutomationConceptsPractice.SeleniumConcepts"/>
  <testcase name="dropdownCommands" time="9.632" classname="com.AutomationConceptsPractice.SeleniumConcepts"/>
  <testcase name="iframeHandeling" time="19.3" classname="com.AutomationConceptsPractice.SeleniumConcepts"/>
</testsuite> <!-- seleniumWaits -->
