<?xml version="1.0" encoding="UTF-8"?>
<testng-results skipped="0" failed="1" ignored="0" total="3" passed="2">
  <reporter-output>
  </reporter-output>
  <suite name="Default suite" duration-ms="104837" started-at="2019-05-02T09:26:56Z" finished-at="2019-05-02T09:28:41Z">
    <groups>
    </groups>
    <test name="Default test" duration-ms="104837" started-at="2019-05-02T09:26:56Z" finished-at="2019-05-02T09:28:41Z">
      <class name="com.AutomationConceptsPractice.AlertsInSelenium">
        <test-method status="PASS" signature="openBrowser()[pri:0, instance:com.AutomationConceptsPractice.AlertsInSelenium@724af044]" name="openBrowser" is-config="true" duration-ms="14147" started-at="2019-05-02T14:56:56Z" finished-at="2019-05-02T14:57:10Z">
          <reporter-output>
          </reporter-output>
        </test-method> <!-- openBrowser -->
        <test-method status="FAIL" signature="simpleAlert()[pri:1, instance:com.AutomationConceptsPractice.AlertsInSelenium@724af044]" name="simpleAlert" duration-ms="10694" started-at="2019-05-02T14:57:10Z" finished-at="2019-05-02T14:57:21Z">
          <exception class="org.openqa.selenium.NoAlertPresentException">
            <message>
              <![CDATA[
Build info: version: '3.7.1', revision: '8a0099a', time: '2017-11-06T21:01:39.354Z'
System info: host: 'SIPL-177', ip: '192.168.30.109', os.name: 'Windows 10', os.arch: 'amd64', os.version: '10.0', java.version: '1.8.0_144'
Driver info: org.openqa.selenium.firefox.FirefoxDriver
Capabilities {acceptInsecureCerts: true, browserName: firefox, browserVersion: 67.0, capabilities: {desiredCapabilities: {acceptInsecureCerts: true, browserName: firefox}}, javascriptEnabled: true, moz:accessibilityChecks: false, moz:buildID: 20190325125126, moz:headless: false, moz:processID: 13732, moz:profile: C:\Users\ks03194668\AppData..., moz:shutdownTimeout: 60000, moz:useNonSpecCompliantPointerOrigin: false, moz:webdriverClick: true, pageLoadStrategy: normal, platform: WINDOWS, platformName: WINDOWS, platformVersion: 10.0, rotatable: false, setWindowRect: true, strictFileInteractability: false, timeouts: {implicit: 0, pageLoad: 300000, script: 30000}, unhandledPromptBehavior: dismiss and notify}
Session ID: fb623d20-ffe1-479c-82f3-64bf5882cb46]]>
            </message>
            <full-stacktrace>
              <![CDATA[org.openqa.selenium.NoAlertPresentException: 
Build info: version: '3.7.1', revision: '8a0099a', time: '2017-11-06T21:01:39.354Z'
System info: host: 'SIPL-177', ip: '192.168.30.109', os.name: 'Windows 10', os.arch: 'amd64', os.version: '10.0', java.version: '1.8.0_144'
Driver info: org.openqa.selenium.firefox.FirefoxDriver
Capabilities {acceptInsecureCerts: true, browserName: firefox, browserVersion: 67.0, capabilities: {desiredCapabilities: {acceptInsecureCerts: true, browserName: firefox}}, javascriptEnabled: true, moz:accessibilityChecks: false, moz:buildID: 20190325125126, moz:headless: false, moz:processID: 13732, moz:profile: C:\Users\ks03194668\AppData..., moz:shutdownTimeout: 60000, moz:useNonSpecCompliantPointerOrigin: false, moz:webdriverClick: true, pageLoadStrategy: normal, platform: WINDOWS, platformName: WINDOWS, platformVersion: 10.0, rotatable: false, setWindowRect: true, strictFileInteractability: false, timeouts: {implicit: 0, pageLoad: 300000, script: 30000}, unhandledPromptBehavior: dismiss and notify}
Session ID: fb623d20-ffe1-479c-82f3-64bf5882cb46
	at sun.reflect.NativeConstructorAccessorImpl.newInstance0(Native Method)
	at sun.reflect.NativeConstructorAccessorImpl.newInstance(Unknown Source)
	at sun.reflect.DelegatingConstructorAccessorImpl.newInstance(Unknown Source)
	at java.lang.reflect.Constructor.newInstance(Unknown Source)
	at org.openqa.selenium.remote.http.W3CHttpResponseCodec.createException(W3CHttpResponseCodec.java:187)
	at org.openqa.selenium.remote.http.W3CHttpResponseCodec.decode(W3CHttpResponseCodec.java:122)
	at org.openqa.selenium.remote.http.W3CHttpResponseCodec.decode(W3CHttpResponseCodec.java:49)
	at org.openqa.selenium.remote.HttpCommandExecutor.execute(HttpCommandExecutor.java:164)
	at org.openqa.selenium.remote.service.DriverCommandExecutor.execute(DriverCommandExecutor.java:83)
	at org.openqa.selenium.remote.RemoteWebDriver.execute(RemoteWebDriver.java:600)
	at org.openqa.selenium.remote.RemoteWebDriver.execute(RemoteWebDriver.java:657)
	at org.openqa.selenium.remote.RemoteWebDriver$RemoteTargetLocator.alert(RemoteWebDriver.java:986)
	at com.AutomationConceptsPractice.AlertsInSelenium.simpleAlert(AlertsInSelenium.java:44)
	at sun.reflect.NativeMethodAccessorImpl.invoke0(Native Method)
	at sun.reflect.NativeMethodAccessorImpl.invoke(Unknown Source)
	at sun.reflect.DelegatingMethodAccessorImpl.invoke(Unknown Source)
	at java.lang.reflect.Method.invoke(Unknown Source)
	at org.testng.internal.MethodInvocationHelper.invokeMethod(MethodInvocationHelper.java:104)
	at org.testng.internal.Invoker.invokeMethod(Invoker.java:645)
	at org.testng.internal.Invoker.invokeTestMethod(Invoker.java:851)
	at org.testng.internal.Invoker.invokeTestMethods(Invoker.java:1177)
	at org.testng.internal.TestMethodWorker.invokeTestMethods(TestMethodWorker.java:129)
	at org.testng.internal.TestMethodWorker.run(TestMethodWorker.java:112)
	at org.testng.TestRunner.privateRun(TestRunner.java:756)
	at org.testng.TestRunner.run(TestRunner.java:610)
	at org.testng.SuiteRunner.runTest(SuiteRunner.java:387)
	at org.testng.SuiteRunner.runSequentially(SuiteRunner.java:382)
	at org.testng.SuiteRunner.privateRun(SuiteRunner.java:340)
	at org.testng.SuiteRunner.run(SuiteRunner.java:289)
	at org.testng.SuiteRunnerWorker.runSuite(SuiteRunnerWorker.java:52)
	at org.testng.SuiteRunnerWorker.run(SuiteRunnerWorker.java:86)
	at org.testng.TestNG.runSuitesSequentially(TestNG.java:1293)
	at org.testng.TestNG.runSuitesLocally(TestNG.java:1218)
	at org.testng.TestNG.runSuites(TestNG.java:1133)
	at org.testng.TestNG.run(TestNG.java:1104)
	at org.testng.remote.AbstractRemoteTestNG.run(AbstractRemoteTestNG.java:114)
	at org.testng.remote.RemoteTestNG.initAndRun(RemoteTestNG.java:251)
	at org.testng.remote.RemoteTestNG.main(RemoteTestNG.java:77)
]]>
            </full-stacktrace>
          </exception> <!-- org.openqa.selenium.NoAlertPresentException -->
          <reporter-output>
          </reporter-output>
        </test-method> <!-- simpleAlert -->
        <test-method status="PASS" signature="closeBrowser()[pri:0, instance:com.AutomationConceptsPractice.AlertsInSelenium@724af044]" name="closeBrowser" is-config="true" duration-ms="3446" started-at="2019-05-02T14:57:21Z" finished-at="2019-05-02T14:57:25Z">
          <reporter-output>
          </reporter-output>
        </test-method> <!-- closeBrowser -->
        <test-method status="PASS" signature="openBrowser()[pri:0, instance:com.AutomationConceptsPractice.AlertsInSelenium@724af044]" name="openBrowser" is-config="true" duration-ms="5527" started-at="2019-05-02T14:57:25Z" finished-at="2019-05-02T14:57:30Z">
          <reporter-output>
          </reporter-output>
        </test-method> <!-- openBrowser -->
        <test-method status="PASS" signature="confirmationAlert()[pri:2, instance:com.AutomationConceptsPractice.AlertsInSelenium@724af044]" name="confirmationAlert" duration-ms="20730" started-at="2019-05-02T14:57:30Z" finished-at="2019-05-02T14:57:51Z">
          <reporter-output>
          </reporter-output>
        </test-method> <!-- confirmationAlert -->
        <test-method status="PASS" signature="closeBrowser()[pri:0, instance:com.AutomationConceptsPractice.AlertsInSelenium@724af044]" name="closeBrowser" is-config="true" duration-ms="1938" started-at="2019-05-02T14:57:51Z" finished-at="2019-05-02T14:57:53Z">
          <reporter-output>
          </reporter-output>
        </test-method> <!-- closeBrowser -->
        <test-method status="PASS" signature="openBrowser()[pri:0, instance:com.AutomationConceptsPractice.AlertsInSelenium@724af044]" name="openBrowser" is-config="true" duration-ms="4954" started-at="2019-05-02T14:57:53Z" finished-at="2019-05-02T14:57:58Z">
          <reporter-output>
          </reporter-output>
        </test-method> <!-- openBrowser -->
        <test-method status="PASS" signature="promptAlert()[pri:3, instance:com.AutomationConceptsPractice.AlertsInSelenium@724af044]" name="promptAlert" duration-ms="40216" started-at="2019-05-02T14:57:58Z" finished-at="2019-05-02T14:58:38Z">
          <reporter-output>
          </reporter-output>
        </test-method> <!-- promptAlert -->
        <test-method status="PASS" signature="closeBrowser()[pri:0, instance:com.AutomationConceptsPractice.AlertsInSelenium@724af044]" name="closeBrowser" is-config="true" duration-ms="3145" started-at="2019-05-02T14:58:38Z" finished-at="2019-05-02T14:58:41Z">
          <reporter-output>
          </reporter-output>
        </test-method> <!-- closeBrowser -->
      </class> <!-- com.AutomationConceptsPractice.AlertsInSelenium -->
    </test> <!-- Default test -->
  </suite> <!-- Default suite -->
</testng-results>
