<?xml version="1.0" encoding="UTF-8"?>
<!-- Generated by org.testng.reporters.JUnitXMLReporter -->
<testsuite hostname="Sipl-70" ignored="4" name="testGuru" tests="2" failures="0" timestamp="25 Apr 2019 06:24:40 GMT" time="100.741" errors="0">
  <testcase name="executSessionOne" time="74.063" classname="com.AutomationConceptsPractice.ParallelExecution"/>
  <testcase name="executeSessionTwo" time="15.23" classname="com.AutomationConceptsPractice.ParallelExecution"/>
  <testcase name="promptAlert" time="0.0" classname="com.AutomationConceptsPractice.AlertsInSelenium">
    <ignored/>
  </testcase> <!-- promptAlert -->
  <testcase name="simpleAlert" time="0.0" classname="com.AutomationConceptsPractice.AlertsInSelenium">
    <ignored/>
  </testcase> <!-- simpleAlert -->
  <testcase name="confirmationAlert" time="0.0" classname="com.AutomationConceptsPractice.AlertsInSelenium">
    <ignored/>
  </testcase> <!-- confirmationAlert -->
  <testcase name="executSessionThree" time="0.0" classname="com.AutomationConceptsPractice.ParallelExecution">
    <ignored/>
  </testcase> <!-- executSessionThree -->
</testsuite> <!-- testGuru -->
